0 info it worked if it ends with ok
1 verbose cli [ 'C:\\Program Files\\nodejs\\node.exe',
1 verbose cli   'C:\\Program Files\\nodejs\\node_modules\\npm\\bin\\npm-cli.js',
1 verbose cli   'run',
1 verbose cli   'start' ]
2 info using npm@3.10.8
3 info using node@v6.9.1
4 verbose run-script [ 'prestart', 'start', 'poststart' ]
5 info lifecycle mongomart@0.1.0~prestart: mongomart@0.1.0
6 silly lifecycle mongomart@0.1.0~prestart: no script for prestart, continuing
7 info lifecycle mongomart@0.1.0~start: mongomart@0.1.0
8 verbose lifecycle mongomart@0.1.0~start: unsafe-perm in lifecycle true
9 verbose lifecycle mongomart@0.1.0~start: PATH: C:\Program Files\nodejs\node_modules\npm\bin\node-gyp-bin;C:\Users\IBM_ADMIN\Documents\projetos\mongodb_nodejs\Final_Project\mongomart\node_modules\.bin;C:\Program Files (x86)\RSA SecurID Token Common;C:\Program Files\RSA SecurID Token Common;C:\windows\system32;C:\windows;C:\windows\System32\Wbem;C:\windows\System32\WindowsPowerShell\v1.0\;C:\Program Files\IBM\Infoprint Select;C:\Program Files\ThinkPad\Bluetooth Software\;C:\Program Files\ThinkPad\Bluetooth Software\syswow64;C:\Program Files (x86)\IBM\Personal Communications\;C:\Program Files (x86)\IBM\Trace Facility\;C:\Program Files (x86)\CloudFoundry;C:\Program Files\IBM\Bluemix\bin;C:\Program Files\Git\cmd;C:\Program Files\nodejs\;C:\Program Files\MongoDB\Server\3.2\bin;c:\notes;C:\Program Files\Cloud Foundry;C:\Program Files (x86)\Skype\Phone\;C:\Ruby23-x64\bin;C:\DevKit\bin;C:\DevKit\mingw\bin;C:\Users\IBM_ADMIN\AppData\Local\atom\bin;C:\Users\IBM_ADMIN\AppData\Local\.meteor\;C:\Users\IBM_ADMIN\AppData\Roaming\npm;C:\Program Files (x86)\Microsoft VS Code\bin
10 verbose lifecycle mongomart@0.1.0~start: CWD: C:\Users\IBM_ADMIN\Documents\projetos\mongodb_nodejs\Final_Project\mongomart
11 silly lifecycle mongomart@0.1.0~start: Args: [ '/d /s /c', 'node mongomart.js' ]
12 silly lifecycle mongomart@0.1.0~start: Returned: code: 3221225786  signal: null
13 info lifecycle mongomart@0.1.0~start: Failed to exec start script
14 verbose stack Error: mongomart@0.1.0 start: `node mongomart.js`
14 verbose stack Exit status 3221225786
14 verbose stack     at EventEmitter.<anonymous> (C:\Program Files\nodejs\node_modules\npm\lib\utils\lifecycle.js:255:16)
14 verbose stack     at emitTwo (events.js:106:13)
14 verbose stack     at EventEmitter.emit (events.js:191:7)
14 verbose stack     at ChildProcess.<anonymous> (C:\Program Files\nodejs\node_modules\npm\lib\utils\spawn.js:40:14)
14 verbose stack     at emitTwo (events.js:106:13)
14 verbose stack     at ChildProcess.emit (events.js:191:7)
14 verbose stack     at maybeClose (internal/child_process.js:877:16)
14 verbose stack     at Process.ChildProcess._handle.onexit (internal/child_process.js:226:5)
15 verbose pkgid mongomart@0.1.0
16 verbose cwd C:\Users\IBM_ADMIN\Documents\projetos\mongodb_nodejs\Final_Project\mongomart
17 error Windows_NT 6.1.7601
18 error argv "C:\\Program Files\\nodejs\\node.exe" "C:\\Program Files\\nodejs\\node_modules\\npm\\bin\\npm-cli.js" "run" "start"
19 error node v6.9.1
20 error npm  v3.10.8
21 error code ELIFECYCLE
22 error mongomart@0.1.0 start: `node mongomart.js`
22 error Exit status 3221225786
23 error Failed at the mongomart@0.1.0 start script 'node mongomart.js'.
23 error Make sure you have the latest version of node.js and npm installed.
23 error If you do, this is most likely a problem with the mongomart package,
23 error not with npm itself.
23 error Tell the author that this fails on your system:
23 error     node mongomart.js
23 error You can get information on how to open an issue for this project with:
23 error     npm bugs mongomart
23 error Or if that isn't available, you can get their info via:
23 error     npm owner ls mongomart
23 error There is likely additional logging output above.
24 verbose exit [ 1, true ]
